Using pre-set license
Built from '2023.1/staging' branch; Version is '2023.1.0b10 (4d1d37b14308) revision 5053751'; Using compiler version '192829333'; Build Type 'Release'
OS: 'Windows 10  (10.0.19044) 64bit Professional' Language: 'ko' Physical Memory: 16316 MB
BatchMode: 1, IsHumanControllingUs: 0, StartBugReporterOnCrash: 0, Is64bit: 1, IsPro: 1

COMMAND LINE ARGUMENTS:
E:\UnityF\2023.1.0b10\Editor\Unity.exe
-adb2
-batchMode
-noUpm
-name
AssetImportWorker0
-projectPath
E:/상완파일/UnityFile/SlimeGm
-logFile
Logs/AssetImportWorker0.log
-srvPort
6321
Successfully changed project path to: E:/상완파일/UnityFile/SlimeGm
E:/상완파일/UnityFile/SlimeGm
[UnityMemory] Configuration Parameters - Can be set up in boot.config
    "memorysetup-bucket-allocator-granularity=16"
    "memorysetup-bucket-allocator-bucket-count=8"
    "memorysetup-bucket-allocator-block-size=33554432"
    "memorysetup-bucket-allocator-block-count=8"
    "memorysetup-main-allocator-block-size=16777216"
    "memorysetup-thread-allocator-block-size=16777216"
    "memorysetup-gfx-main-allocator-block-size=16777216"
    "memorysetup-gfx-thread-allocator-block-size=16777216"
    "memorysetup-cache-allocator-block-size=4194304"
    "memorysetup-typetree-allocator-block-size=2097152"
    "memorysetup-profiler-bucket-allocator-granularity=16"
    "memorysetup-profiler-bucket-allocator-bucket-count=8"
    "memorysetup-profiler-bucket-allocator-block-size=33554432"
    "memorysetup-profiler-bucket-allocator-block-count=8"
    "memorysetup-profiler-allocator-block-size=16777216"
    "memorysetup-profiler-editor-allocator-block-size=1048576"
    "memorysetup-temp-allocator-size-main=16777216"
    "memorysetup-job-temp-allocator-block-size=2097152"
    "memorysetup-job-temp-allocator-block-size-background=1048576"
    "memorysetup-job-temp-allocator-reduction-small-platforms=262144"
    "memorysetup-temp-allocator-size-background-worker=32768"
    "memorysetup-temp-allocator-size-job-worker=262144"
    "memorysetup-temp-allocator-size-preload-manager=33554432"
    "memorysetup-temp-allocator-size-nav-mesh-worker=65536"
    "memorysetup-temp-allocator-size-audio-worker=65536"
    "memorysetup-temp-allocator-size-cloud-worker=32768"
    "memorysetup-temp-allocator-size-gi-baking-worker=262144"
    "memorysetup-temp-allocator-size-gfx=262144"
Player connection [1112] Host "[IP] 192.168.75.227 [Port] 0 [Flags] 2 [Guid] 2555138153 [EditorId] 2555138153 [Version] 1048832 [Id] WindowsEditor(7,DESKTOP-VKPVDJ1) [Debug] 1 [PackageName] WindowsEditor [ProjectName] Editor" joined multi-casting on [225.0.0.222:54997]...

Player connection [1112] Host "[IP] 192.168.75.227 [Port] 0 [Flags] 2 [Guid] 2555138153 [EditorId] 2555138153 [Version] 1048832 [Id] WindowsEditor(7,DESKTOP-VKPVDJ1) [Debug] 1 [PackageName] WindowsEditor [ProjectName] Editor" joined alternative multi-casting on [225.0.0.222:34997]...

Library Redirect Path: Library/Refreshing native plugins compatible for Editor in 54.17 ms, found 4 plugins.
Preloading 0 native plugins for Editor in 0.00 ms.
Initialize engine version: 2023.1.0b10 (4d1d37b14308)
[Subsystems] Discovering subsystems at path E:/UnityF/2023.1.0b10/Editor/Data/Resources/UnitySubsystems
[Subsystems] Discovering subsystems at path E:/상완파일/UnityFile/SlimeGm/Assets
GfxDevice: creating device client; threaded=0; jobified=0
Direct3D:
    Version:  Direct3D 11.0 [level 11.1]
    Renderer: NVIDIA GeForce GTX 1070 (ID=0x1b81)
    Vendor:   NVIDIA
    VRAM:     8088 MB
    Driver:   31.0.15.1694
Initialize mono
Mono path[0] = 'E:/UnityF/2023.1.0b10/Editor/Data/Managed'
Mono path[1] = 'E:/UnityF/2023.1.0b10/Editor/Data/MonoBleedingEdge/lib/mono/unityjit-win32'
Mono config path = 'E:/UnityF/2023.1.0b10/Editor/Data/MonoBleedingEdge/etc'
Using monoOptions --debugger-agent=transport=dt_socket,embedding=1,server=y,suspend=n,address=127.0.0.1:56176
Begin MonoManager ReloadAssembly
C:\build\output\Unity-Technologies\mono\mono\metadata\icall.c:1842:
C:\build\output\Unity-Technologies\mono\mono\metadata\icall.c:1842:
C:\build\output\Unity-Technologies\mono\mono\metadata\icall.c:1842:
C:\build\output\Unity-Technologies\mono\mono\metadata\icall.c:1842:
C:\build\output\Unity-Technologies\mono\mono\metadata\icall.c:1842:
C:\build\output\Unity-Technologies\mono\mono\metadata\icall.c:1842:
C:\build\output\Unity-Technologies\mono\mono\metadata\icall.c:1842:
C:\build\output\Unity-Technologies\mono\mono\metadata\icall.c:1842:
C:\build\output\Unity-Technologies\mono\mono\metadata\icall.c:1842:
C:\build\output\Unity-Technologies\mono\mono\metadata\icall.c:1842:
Registering precompiled unity dll's ...
Register platform support module: E:/UnityF/2023.1.0b10/Editor/Data/PlaybackEngines/WindowsStandaloneSupport/UnityEditor.WindowsStandalone.Extensions.dll
Registered in 0.008052 seconds.
- Loaded All Assemblies, in  0.962 seconds
Native extension for WindowsStandalone target not found
Mono: successfully reloaded assembly
C:\build\output\Unity-Technologies\mono\mono\metadata\icall.c:1842:
C:\build\output\Unity-Technologies\mono\mono\metadata\icall.c:1842:
- Finished resetting the current domain, in  0.618 seconds
Domain Reload Profiling: 1578ms
	BeginReloadAssembly (372ms)
		ExecutionOrderSort (0ms)
		DisableScriptedObjects (0ms)
		BackupInstance (0ms)
		ReleaseScriptingObjects (0ms)
		CreateAndSetChildDomain (2ms)
	RebuildCommonClasses (94ms)
	RebuildNativeTypeToScriptingClass (28ms)
	initialDomainReloadingComplete (110ms)
	LoadAllAssembliesAndSetupDomain (356ms)
		LoadAssemblies (370ms)
		RebuildTransferFunctionScriptingTraits (0ms)
		AnalyzeDomain (347ms)
			TypeCache.Refresh (345ms)
				TypeCache.ScanAssembly (308ms)
			ScanForSourceGeneratedMonoScriptInfo (1ms)
			ResolveRequiredComponents (1ms)
	FinalizeReload (619ms)
		ReleaseScriptCaches (0ms)
		RebuildScriptCaches (0ms)
		SetupLoadedEditorAssemblies (518ms)
			LogAssemblyErrors (0ms)
			InitializePlatformSupportModulesInManaged (19ms)
			SetLoadedEditorAssemblies (9ms)
			BeforeProcessingInitializeOnLoad (13ms)
			ProcessInitializeOnLoadAttributes (356ms)
			ProcessInitializeOnLoadMethodAttributes (121ms)
			AfterProcessingInitializeOnLoad (0ms)
			EditorAssembliesLoaded (0ms)
		ExecutionOrderSort2 (0ms)
		AwakeInstancesAfterBackupRestoration (0ms)
========================================================================
Worker process is ready to serve import requests
Import Worker Mode flag is 0x00
Begin MonoManager ReloadAssembly
C:\build\output\Unity-Technologies\mono\mono\metadata\icall.c:1842:
C:\build\output\Unity-Technologies\mono\mono\metadata\icall.c:1842:
C:\build\output\Unity-Technologies\mono\mono\metadata\icall.c:1842:
C:\build\output\Unity-Technologies\mono\mono\metadata\icall.c:1842:
C:\build\output\Unity-Technologies\mono\mono\metadata\icall.c:1842:
C:\build\output\Unity-Technologies\mono\mono\metadata\icall.c:1842:
C:\build\output\Unity-Technologies\mono\mono\metadata\icall.c:1842:
C:\build\output\Unity-Technologies\mono\mono\metadata\icall.c:1842:
C:\build\output\Unity-Technologies\mono\mono\metadata\icall.c:1842:
C:\build\output\Unity-Technologies\mono\mono\metadata\icall.c:1842:
C:\build\output\Unity-Technologies\mono\mono\metadata\icall.c:1842:
C:\build\output\Unity-Technologies\mono\mono\metadata\icall.c:1842:
Symbol file LoadedFromMemory is not a mono symbol file
Symbol file LoadedFromMemory is not a mono symbol file
Symbol file LoadedFromMemory is not a mono symbol file
Symbol file LoadedFromMemory is not a mono symbol file
Symbol file LoadedFromMemory is not a mono symbol file
Symbol file LoadedFromMemory is not a mono symbol file
Symbol file LoadedFromMemory is not a mono symbol file
Symbol file LoadedFromMemory is not a mono symbol file
Symbol file LoadedFromMemory is not a mono symbol file
Symbol file LoadedFromMemory is not a mono symbol file
Symbol file LoadedFromMemory is not a mono symbol file
- Loaded All Assemblies, in  1.714 seconds
Refreshing native plugins compatible for Editor in 11.92 ms, found 4 plugins.
C:\build\output\Unity-Technologies\mono\mono\metadata\icall.c:1842:
C:\build\output\Unity-Technologies\mono\mono\metadata\icall.c:1842:
C:\build\output\Unity-Technologies\mono\mono\metadata\icall.c:1842:
C:\build\output\Unity-Technologies\mono\mono\metadata\icall.c:1842:
C:\build\output\Unity-Technologies\mono\mono\metadata\icall.c:1842:
C:\build\output\Unity-Technologies\mono\mono\metadata\icall.c:1842:
C:\build\output\Unity-Technologies\mono\mono\metadata\icall.c:1842:
Native extension for WindowsStandalone target not found
Mono: successfully reloaded assembly
- Finished resetting the current domain, in  0.985 seconds
Domain Reload Profiling: 2697ms
	BeginReloadAssembly (572ms)
		ExecutionOrderSort (0ms)
		DisableScriptedObjects (9ms)
		BackupInstance (0ms)
		ReleaseScriptingObjects (0ms)
		CreateAndSetChildDomain (45ms)
	RebuildCommonClasses (63ms)
	RebuildNativeTypeToScriptingClass (15ms)
	initialDomainReloadingComplete (63ms)
	LoadAllAssembliesAndSetupDomain (998ms)
		LoadAssemblies (771ms)
		RebuildTransferFunctionScriptingTraits (0ms)
		AnalyzeDomain (467ms)
			TypeCache.Refresh (443ms)
				TypeCache.ScanAssembly (424ms)
			ScanForSourceGeneratedMonoScriptInfo (19ms)
			ResolveRequiredComponents (5ms)
	FinalizeReload (986ms)
		ReleaseScriptCaches (0ms)
		RebuildScriptCaches (0ms)
		SetupLoadedEditorAssemblies (617ms)
			LogAssemblyErrors (0ms)
			InitializePlatformSupportModulesInManaged (6ms)
			SetLoadedEditorAssemblies (5ms)
			BeforeProcessingInitializeOnLoad (107ms)
			ProcessInitializeOnLoadAttributes (439ms)
			ProcessInitializeOnLoadMethodAttributes (54ms)
			AfterProcessingInitializeOnLoad (5ms)
			EditorAssembliesLoaded (0ms)
		ExecutionOrderSort2 (0ms)
		AwakeInstancesAfterBackupRestoration (31ms)
Launched and connected shader compiler UnityShaderCompiler.exe after 0.03 seconds
Refreshing native plugins compatible for Editor in 15.77 ms, found 4 plugins.
Preloading 0 native plugins for Editor in 0.00 ms.
Unloading 2482 Unused Serialized files (Serialized files now loaded: 0)
Unloading 70 unused Assets / (57.8 KB). Loaded Objects now: 3047.
Memory consumption went from 114.1 MB to 114.1 MB.
Total: 7.067600 ms (FindLiveObjects: 0.338900 ms CreateObjectMapping: 0.094000 ms MarkObjects: 6.446700 ms  DeleteObjects: 0.185800 ms)

AssetImportParameters requested are different than current active one (requested -> active):
  custom:container-demuxer-ogg: 62fdf1f143b41e24485cea50d1cbac27 -> 
  custom:framework-win-MediaFoundation: 216162199b28c13a410421893ffa2e32 -> 
  custom:video-decoder-webm-vp8: 9c59270c3fd7afecdb556c50c9e8de78 -> 
  custom:audio-encoder-webm-vorbis: bf7c407c2cedff20999df2af8eb42d56 -> 
  custom:video-decoder-ogg-theora: a1e56fd34408186e4bbccfd4996cb3dc -> 
  custom:container-muxer-webm: aa71ff27fc2769a1b78a27578f13a17b -> 
  custom:AudioImporter_EditorPlatform: d09bf68614088b80899f8185d706f6e7 -> 
  custom:audio-decoder-ogg-vorbis: bf7c407c2cedff20999df2af8eb42d56 -> 
  custom:container-demuxer-webm: 4f35f7cbe854078d1ac9338744f61a02 -> 
  custom:video-encoder-webm-vp8: eb34c28f22e8b96e1ab97ce403110664 -> 
========================================================================
Received Prepare
Begin MonoManager ReloadAssembly
C:\build\output\Unity-Technologies\mono\mono\metadata\icall.c:1842:
C:\build\output\Unity-Technologies\mono\mono\metadata\icall.c:1842:
C:\build\output\Unity-Technologies\mono\mono\metadata\icall.c:1842:
C:\build\output\Unity-Technologies\mono\mono\metadata\icall.c:1842:
C:\build\output\Unity-Technologies\mono\mono\metadata\icall.c:1842:
C:\build\output\Unity-Technologies\mono\mono\metadata\icall.c:1842:
C:\build\output\Unity-Technologies\mono\mono\metadata\icall.c:1842:
C:\build\output\Unity-Technologies\mono\mono\metadata\icall.c:1842:
C:\build\output\Unity-Technologies\mono\mono\metadata\icall.c:1842:
C:\build\output\Unity-Technologies\mono\mono\metadata\icall.c:1842:
C:\build\output\Unity-Technologies\mono\mono\metadata\icall.c:1842:
C:\build\output\Unity-Technologies\mono\mono\metadata\icall.c:1842:
Symbol file LoadedFromMemory is not a mono symbol file
Symbol file LoadedFromMemory is not a mono symbol file
Symbol file LoadedFromMemory is not a mono symbol file
Symbol file LoadedFromMemory is not a mono symbol file
Symbol file LoadedFromMemory is not a mono symbol file
Symbol file LoadedFromMemory is not a mono symbol file
Symbol file LoadedFromMemory is not a mono symbol file
Symbol file LoadedFromMemory is not a mono symbol file
Symbol file LoadedFromMemory is not a mono symbol file
Symbol file LoadedFromMemory is not a mono symbol file
Symbol file LoadedFromMemory is not a mono symbol file
- Loaded All Assemblies, in  1.367 seconds
Refreshing native plugins compatible for Editor in 14.25 ms, found 4 plugins.
Native extension for WindowsStandalone target not found
Mono: successfully reloaded assembly
- Finished resetting the current domain, in  1.730 seconds
Domain Reload Profiling: 3095ms
	BeginReloadAssembly (356ms)
		ExecutionOrderSort (0ms)
		DisableScriptedObjects (19ms)
		BackupInstance (0ms)
		ReleaseScriptingObjects (0ms)
		CreateAndSetChildDomain (76ms)
	RebuildCommonClasses (57ms)
	RebuildNativeTypeToScriptingClass (18ms)
	initialDomainReloadingComplete (42ms)
	LoadAllAssembliesAndSetupDomain (891ms)
		LoadAssemblies (630ms)
		RebuildTransferFunctionScriptingTraits (0ms)
		AnalyzeDomain (476ms)
			TypeCache.Refresh (468ms)
				TypeCache.ScanAssembly (449ms)
			ScanForSourceGeneratedMonoScriptInfo (0ms)
			ResolveRequiredComponents (6ms)
	FinalizeReload (1731ms)
		ReleaseScriptCaches (0ms)
		RebuildScriptCaches (0ms)
		SetupLoadedEditorAssemblies (712ms)
			LogAssemblyErrors (0ms)
			InitializePlatformSupportModulesInManaged (10ms)
			SetLoadedEditorAssemblies (7ms)
			BeforeProcessingInitializeOnLoad (145ms)
			ProcessInitializeOnLoadAttributes (500ms)
			ProcessInitializeOnLoadMethodAttributes (46ms)
			AfterProcessingInitializeOnLoad (5ms)
			EditorAssembliesLoaded (0ms)
		ExecutionOrderSort2 (0ms)
		AwakeInstancesAfterBackupRestoration (27ms)
C:\build\output\Unity-Technologies\mono\mono\metadata\icall.c:1842:
C:\build\output\Unity-Technologies\mono\mono\metadata\icall.c:1842:
C:\build\output\Unity-Technologies\mono\mono\metadata\icall.c:1842:
C:\build\output\Unity-Technologies\mono\mono\metadata\icall.c:1842:
C:\build\output\Unity-Technologies\mono\mono\metadata\icall.c:1842:
C:\build\output\Unity-Technologies\mono\mono\metadata\icall.c:1842:
C:\build\output\Unity-Technologies\mono\mono\metadata\icall.c:1842:
Refreshing native plugins compatible for Editor in 14.76 ms, found 4 plugins.
Preloading 0 native plugins for Editor in 0.00 ms.
Unloading 2470 Unused Serialized files (Serialized files now loaded: 0)
Unloading 44 unused Assets / (35.5 KB). Loaded Objects now: 3053.
Memory consumption went from 111.7 MB to 111.7 MB.
Total: 6.343700 ms (FindLiveObjects: 0.311200 ms CreateObjectMapping: 0.082900 ms MarkObjects: 5.850500 ms  DeleteObjects: 0.097400 ms)

Prepare: number of updated asset objects reloaded= 0
AssetImportParameters requested are different than current active one (requested -> active):
  custom:container-demuxer-ogg: 62fdf1f143b41e24485cea50d1cbac27 -> 
  custom:framework-win-MediaFoundation: 216162199b28c13a410421893ffa2e32 -> 
  custom:video-decoder-webm-vp8: 9c59270c3fd7afecdb556c50c9e8de78 -> 
  custom:audio-encoder-webm-vorbis: bf7c407c2cedff20999df2af8eb42d56 -> 
  custom:video-decoder-ogg-theora: a1e56fd34408186e4bbccfd4996cb3dc -> 
  custom:container-muxer-webm: aa71ff27fc2769a1b78a27578f13a17b -> 
  custom:AudioImporter_EditorPlatform: d09bf68614088b80899f8185d706f6e7 -> 
  custom:audio-decoder-ogg-vorbis: bf7c407c2cedff20999df2af8eb42d56 -> 
  custom:container-demuxer-webm: 4f35f7cbe854078d1ac9338744f61a02 -> 
  custom:video-encoder-webm-vp8: eb34c28f22e8b96e1ab97ce403110664 -> 
========================================================================
Received Import Request.
  Time since last request: 23198.132130 seconds.
  path: Assets/Macros/GameManager.asset
  artifactKey: Guid(6d8d26825dd4aca43a42be2afb59f4b0) Importer(815301076,1909f56bfc062723c751e8b465ee728b)
Start importing Assets/Macros/GameManager.asset using Guid(6d8d26825dd4aca43a42be2afb59f4b0) Importer(815301076,1909f56bfc062723c751e8b465ee728b)  -> (artifact id: '68649752843cf57d53df3f08574b9018') in 1.929871 seconds
Number of updated asset objects reloaded before import = 0
Number of asset objects unloaded after import = 30
========================================================================
Received Import Request.
  Time since last request: 115.885772 seconds.
  path: Assets/Bolt 2D JellyFarm VE2/Sprites/UI/Icon 1.png
  artifactKey: Guid(4a4e38441adaaf64c9251018be41c8f6) Importer(815301076,1909f56bfc062723c751e8b465ee728b)
Start importing Assets/Bolt 2D JellyFarm VE2/Sprites/UI/Icon 1.png using Guid(4a4e38441adaaf64c9251018be41c8f6) Importer(815301076,1909f56bfc062723c751e8b465ee728b)  -> (artifact id: 'fca7d396d2ab28dc5c4970a3b46a5193') in 0.092593 seconds
Number of updated asset objects reloaded before import = 0
Number of asset objects unloaded after import = 3
========================================================================
Received Import Request.
  Time since last request: 0.000027 seconds.
  path: Assets/Bolt 2D JellyFarm VE2/Sprites/UI/Icon 5 Over.png
  artifactKey: Guid(22fafc3e4b16258438fb4240603b1949) Importer(815301076,1909f56bfc062723c751e8b465ee728b)
Start importing Assets/Bolt 2D JellyFarm VE2/Sprites/UI/Icon 5 Over.png using Guid(22fafc3e4b16258438fb4240603b1949) Importer(815301076,1909f56bfc062723c751e8b465ee728b)  -> (artifact id: '681afb5455c9c4c62125213576f0e48c') in 0.014953 seconds
Number of updated asset objects reloaded before import = 0
Number of asset objects unloaded after import = 3
========================================================================
Received Import Request.
  Time since last request: 0.000023 seconds.
  path: Assets/Bolt 2D JellyFarm VE2/Sprites/UI/Icon 4 Over.png
  artifactKey: Guid(86f68579e1c470645a783c40f4271052) Importer(815301076,1909f56bfc062723c751e8b465ee728b)
Start importing Assets/Bolt 2D JellyFarm VE2/Sprites/UI/Icon 4 Over.png using Guid(86f68579e1c470645a783c40f4271052) Importer(815301076,1909f56bfc062723c751e8b465ee728b)  -> (artifact id: '11d75c608f03c54408db1ce04dd59b30') in 0.013149 seconds
Number of updated asset objects reloaded before import = 0
Number of asset objects unloaded after import = 3
========================================================================
Received Import Request.
  Time since last request: 0.000034 seconds.
  path: Assets/Bolt 2D JellyFarm VE2/Sprites/UI/Panel Under.png
  artifactKey: Guid(8e85598c65aa8204f98aac13d6aedf6f) Importer(815301076,1909f56bfc062723c751e8b465ee728b)
Start importing Assets/Bolt 2D JellyFarm VE2/Sprites/UI/Panel Under.png using Guid(8e85598c65aa8204f98aac13d6aedf6f) Importer(815301076,1909f56bfc062723c751e8b465ee728b)  -> (artifact id: '11e5fa2123b2f33d8971c1d341f8345b') in 0.013659 seconds
Number of updated asset objects reloaded before import = 0
Number of asset objects unloaded after import = 3
========================================================================
Received Import Request.
  Time since last request: 0.000018 seconds.
  path: Assets/Bolt 2D JellyFarm VE2/Sprites/UI/Panel Border.png
  artifactKey: Guid(bf2b31ceb6a9bab4d93edffe34b2eae6) Importer(815301076,1909f56bfc062723c751e8b465ee728b)
Start importing Assets/Bolt 2D JellyFarm VE2/Sprites/UI/Panel Border.png using Guid(bf2b31ceb6a9bab4d93edffe34b2eae6) Importer(815301076,1909f56bfc062723c751e8b465ee728b)  -> (artifact id: '9d9af91e4e0b8c33ef94a652572eeff2') in 0.014349 seconds
Number of updated asset objects reloaded before import = 0
Number of asset objects unloaded after import = 3
========================================================================
Received Import Request.
  Time since last request: 0.000018 seconds.
  path: Assets/Bolt 2D JellyFarm VE2/Sprites/UI/Panel Right Over.png
  artifactKey: Guid(dcfc8a54a5261b4488cae020699f3975) Importer(815301076,1909f56bfc062723c751e8b465ee728b)
Start importing Assets/Bolt 2D JellyFarm VE2/Sprites/UI/Panel Right Over.png using Guid(dcfc8a54a5261b4488cae020699f3975) Importer(815301076,1909f56bfc062723c751e8b465ee728b)  -> (artifact id: 'fc3f41ff29427c43730567586740b502') in 0.015631 seconds
Number of updated asset objects reloaded before import = 0
Number of asset objects unloaded after import = 3
========================================================================
Received Import Request.
  Time since last request: 0.000018 seconds.
  path: Assets/Bolt 2D JellyFarm VE2/Sprites/UI/Icon 5.png
  artifactKey: Guid(7ea52d616d157c947a0765439d1ae441) Importer(815301076,1909f56bfc062723c751e8b465ee728b)
Start importing Assets/Bolt 2D JellyFarm VE2/Sprites/UI/Icon 5.png using Guid(7ea52d616d157c947a0765439d1ae441) Importer(815301076,1909f56bfc062723c751e8b465ee728b)  -> (artifact id: 'ec83f87164858004ccdfba0a24dd445c') in 0.012106 seconds
Number of updated asset objects reloaded before import = 0
Number of asset objects unloaded after import = 3
========================================================================
Received Import Request.
  Time since last request: 0.000018 seconds.
  path: Assets/Bolt 2D JellyFarm VE2/Sprites/UI/Panel Left Over.png
  artifactKey: Guid(0c0bada3cbd3c2041b3742457d590faf) Importer(815301076,1909f56bfc062723c751e8b465ee728b)
Start importing Assets/Bolt 2D JellyFarm VE2/Sprites/UI/Panel Left Over.png using Guid(0c0bada3cbd3c2041b3742457d590faf) Importer(815301076,1909f56bfc062723c751e8b465ee728b)  -> (artifact id: '9112621ef78ad5dbb2df93611f17d972') in 0.011343 seconds
Number of updated asset objects reloaded before import = 0
Number of asset objects unloaded after import = 3
========================================================================
Received Import Request.
  Time since last request: 0.000024 seconds.
  path: Assets/Bolt 2D JellyFarm VE2/Sprites/UI/Icon Shadow.png
  artifactKey: Guid(a2b1efbe52bb7e8469a0f71be94ca717) Importer(815301076,1909f56bfc062723c751e8b465ee728b)
Start importing Assets/Bolt 2D JellyFarm VE2/Sprites/UI/Icon Shadow.png using Guid(a2b1efbe52bb7e8469a0f71be94ca717) Importer(815301076,1909f56bfc062723c751e8b465ee728b)  -> (artifact id: '4877cbeb398838899ac14b805195d992') in 0.012191 seconds
Number of updated asset objects reloaded before import = 0
Number of asset objects unloaded after import = 3
========================================================================
Received Import Request.
  Time since last request: 0.000028 seconds.
  path: Assets/Bolt 2D JellyFarm VE2/Sprites/UI/Icon 2.png
  artifactKey: Guid(d4bb5b2bf799cbe48896bb8c60334f41) Importer(815301076,1909f56bfc062723c751e8b465ee728b)
Start importing Assets/Bolt 2D JellyFarm VE2/Sprites/UI/Icon 2.png using Guid(d4bb5b2bf799cbe48896bb8c60334f41) Importer(815301076,1909f56bfc062723c751e8b465ee728b)  -> (artifact id: '8a000b2282c0a02b5b2fc4243800bae5') in 0.011976 seconds
Number of updated asset objects reloaded before import = 0
Number of asset objects unloaded after import = 3
========================================================================
Received Import Request.
  Time since last request: 0.000026 seconds.
  path: Assets/Bolt 2D JellyFarm VE2/Sprites/UI/Panel.png
  artifactKey: Guid(18f348779f4feae45a6195ae06cbc32e) Importer(815301076,1909f56bfc062723c751e8b465ee728b)
Start importing Assets/Bolt 2D JellyFarm VE2/Sprites/UI/Panel.png using Guid(18f348779f4feae45a6195ae06cbc32e) Importer(815301076,1909f56bfc062723c751e8b465ee728b)  -> (artifact id: '52d582fc4b115cbd8a5b62aba4bd32e8') in 0.011349 seconds
Number of updated asset objects reloaded before import = 0
Number of asset objects unloaded after import = 3
